18-12-10 18:18:41:Exception at file[/app/zor/bin/bin.php] line[31] message:[swoole exit.]
18-12-10 18:21:16:Exception at file[/app/zor/bin/bin.php] line[31] message:[swoole exit.]
18-12-10 18:22:06:Exception at file[/app/zor/bin/bin.php] line[31] message:[swoole exit.]
18-12-10 18:24:33:Exception at file[/app/zor/bin/bin.php] line[31] message:[swoole exit.]
18-12-10 18:25:30:Exception at file[/app/zor/bin/bin.php] line[31] message:[swoole exit.]
18-12-10 18:27:32:Exception at file[/app/zor/bin/bin.php] line[31] message:[swoole exit.]
18-12-10 18:28:08:Exception at file[/app/zor/bin/bin.php] line[31] message:[swoole exit.]
18-12-10 18:29:24:Exception at file[/app/zor/bin/bin.php] line[31] message:[swoole exit.]
18-12-10 18:31:27:Exception at file[/app/zor/bin/bin.php] line[31] message:[swoole exit.]
18-12-10 18:33:06:Exception at file[/app/zor/bin/bin.php] line[31] message:[swoole exit.]
18-12-10 18:33:27:Exception at file[/app/zor/bin/bin.php] line[31] message:[swoole exit.]
18-12-10 18:35:54:Exception at file[/app/zor/bin/bin.php] line[31] message:[swoole exit.]
18-12-10 18:37:00:Exception at file[/app/zor/bin/bin.php] line[31] message:[swoole exit.]
18-12-10 18:38:18:Exception at file[/app/zor/bin/bin.php] line[31] message:[swoole exit.]
18-12-10 18:39:14:Exception at file[/app/zor/bin/bin.php] line[31] message:[swoole exit.]
18-12-10 18:41:36:Exception at file[/app/zor/bin/bin.php] line[31] message:[swoole exit.]
18-12-10 18:42:25:Exception at file[/app/zor/lib/Http/Dispatcher.php] line[194] message:[controller pool empty for App\HttpController\Test]
18-12-10 22:12:21:Exception at file[/app/zor/app/HttpController/Test.php] line[17] message:[Class 'App\HttpController\ServerManager' not found]
18-12-10 22:36:39:Exception at file[/app/zor/bin/bin.php] line[31] message:[swoole exit.]
18-12-10 23:16:31:Exception at file[/app/zor/src/Core.php] line[207] message:[Call to undefined function Zor\c()]
18-12-10 23:19:01:Exception at file[/app/zor/bin/bin.php] line[35] message:[swoole exit.]
18-12-12 11:27:57:Exception at file[/app/zor/lib/Mysqli/Mysqli.php] line[110] message:[connect to mysql-db          // 数据库地址@root               // 数据库用户名 at port 3306               // 数据库端口 fail: 22 Invalid argument]
18-12-12 11:29:52:Exception at file[/app/zor/lib/Mysqli/Mysqli.php] line[110] message:[connect to mysql-db          // 数据库地址@root               // 数据库用户名 at port 3306               // 数据库端口 fail: 22 Invalid argument]
18-12-12 11:31:24:Exception at file[/app/zor/lib/Mysqli/Mysqli.php] line[110] message:[connect to mysql-db@root at port 3306 fail: 1049 #42000Unknown database 'one']
18-12-12 11:39:50:Exception at file[/app/zor/app/HttpController/Index.php] line[19] message:[Class 'Lib\Data\Data' not found]
18-12-12 11:47:06:Exception at file[/app/zor/bin/bin.php] line[35] message:[swoole exit.]
18-12-12 14:15:16:Exception at file[/app/zor/app/HttpController/Index.php] line[20] message:[Class 'App\HttpController\UserModel' not found]
18-12-12 14:30:54:Exception at file[/app/zor/lib/Data/Mysql.php] line[48] message:[ is not a Model.]
18-12-12 15:04:56:Exception at file[/app/zor/app/HttpController/Index.php] line[23] message:[Cannot access protected property App\Model\UserModel::$tableName]
18-12-12 15:15:34:Exception at file[/app/zor/lib/Data/Mysql.php] line[27] message:[mysql pool is empty]
18-12-12 15:17:15:Exception at file[/app/zor/lib/Data/Mysql.php] line[27] message:[mysql pool is empty]
18-12-12 15:17:42:Exception at file[/app/zor/lib/Data/Mysql.php] line[27] message:[mysql pool is empty]
18-12-12 15:18:03:Exception at file[/app/zor/lib/Data/Mysql.php] line[27] message:[mysql pool is empty]
18-12-12 15:18:58:Exception at file[/app/zor/lib/Data/Mysql.php] line[27] message:[mysql pool is empty]
18-12-12 15:22:19:Exception at file[/app/zor/app/HttpController/Index.php] line[22] message:[Call to undefined method App\Model\articleDetailModel::get()]
18-12-12 15:27:04:Exception at file[/app/zor/bin/bin.php] line[35] message:[swoole exit.]
18-12-12 15:29:47:Exception at file[/app/zor/app/HttpController/Index.php] line[21] message:[Call to undefined method App\Model\articleDetailModel::get()]
18-12-12 15:31:20:Exception at file[/app/zor/bin/bin.php] line[35] message:[swoole exit.]
18-12-12 15:35:25:Exception at file[/app/zor/bin/bin.php] line[35] message:[swoole exit.]
18-12-12 15:37:24:Exception at file[/app/zor/bin/bin.php] line[35] message:[swoole exit.]
18-12-12 15:38:12:Exception at file[/app/zor/bin/bin.php] line[35] message:[swoole exit.]
18-12-12 15:38:41:Exception at file[/app/zor/app/HttpController/Index.php] line[21] message:[Call to undefined method App\Model\articleDetailModel::get()]
18-12-12 16:04:12:Exception at file[/app/zor/bin/bin.php] line[35] message:[swoole exit.]
18-12-12 16:05:28:Exception at file[/app/zor/bin/bin.php] line[35] message:[swoole exit.]
18-12-12 16:05:52:Exception at file[/app/zor/bin/bin.php] line[35] message:[swoole exit.]
18-12-12 16:09:31:Exception at file[/app/zor/bin/bin.php] line[35] message:[swoole exit.]
18-12-12 16:14:38:Exception at file[/app/zor/lib/Mysqli/Mysqli.php] line[1206] message:[You have an error in your SQL syntax; check the manual that corresponds to your MySQL server version for the right syntax to use near '\Model\articleDetailModel' at line 1 query: SELECT  * FROM App\Model\articleDetailModel]
18-12-12 16:15:10:Exception at file[/app/zor/lib/Mysqli/Mysqli.php] line[1206] message:[You have an error in your SQL syntax; check the manual that corresponds to your MySQL server version for the right syntax to use near '\Model\articleDetailModel' at line 1 query: SELECT  * FROM App\Model\articleDetailModel]
18-12-12 16:16:15:Exception at file[/app/zor/bin/bin.php] line[35] message:[swoole exit.]
18-12-12 16:20:42:Exception at file[/app/zor/app/HttpController/Index.php] line[21] message:[Call to undefined method App\Model\articleDetailModel::get()]
18-12-12 16:23:04:Exception at file[/app/zor/lib/Data/Mysql.php] line[60] message:[Using $this when not in object context]
18-12-12 16:25:22:Exception at file[/app/zor/lib/Data/Mysql.php] line[60] message:[Access to undeclared static property: Lib\Data\Mysql::$db]
18-12-12 16:26:33:Exception at file[/app/zor/app/HttpController/Index.php] line[21] message:[Call to a member function get() on null]
18-12-12 16:27:08:Exception at file[/app/zor/app/HttpController/Index.php] line[21] message:[syntax error, unexpected '->' (T_OBJECT_OPERATOR)]
18-12-12 16:30:55:Exception at file[/app/zor/app/HttpController/Index.php] line[21] message:[Call to a member function get() on null]
18-12-12 16:31:24:Exception at file[/app/zor/app/HttpController/Index.php] line[20] message:[Call to a member function get() on null]
18-12-12 16:39:50:Exception at file[/app/zor/lib/Data/Mysql.php] line[59] message:[Non-static method Lib\Data\Mysql::__construct() cannot be called statically]
18-12-12 16:41:13:Exception at file[/app/zor/lib/Data/Mysql.php] line[30] message:[Using $this when not in object context]
18-12-12 16:42:14:Exception at file[/app/zor/lib/Data/Mysql.php] line[30] message:[Access to undeclared static property: Lib\Data\Mysql::$db]
18-12-12 16:42:47:Exception at file[/app/zor/lib/Data/Mysql.php] line[32] message:[Using $this when not in object context]
18-12-12 16:43:39:Exception at file[/app/zor/lib/Data/Mysql.php] line[32] message:[Access to undeclared static property: Lib\Data\Mysql::$tableName]
18-12-12 16:56:27:Exception at file[/app/zor/bin/bin.php] line[35] message:[swoole exit.]
18-12-12 18:32:45:Exception at file[/app/zor/lib/Data/RedisClient.php] line[37] message:[Call to a member function set() on null]
18-12-12 18:33:49:Exception at file[/app/zor/lib/Data/RedisClient.php] line[38] message:[Call to a member function set() on null]
18-12-12 18:36:25:Exception at file[/app/zor/lib/Data/RedisClient.php] line[38] message:[Using $this when not in object context]
